TN:
SF:src/app.ts
FN:7,createApp
FN:21,(anonymous_2)
FN:32,(anonymous_3)
FNF:3
FNH:0
FNDA:0,createApp
FNDA:0,(anonymous_2)
FNDA:0,(anonymous_3)
DA:1,0
DA:2,0
DA:3,0
DA:4,0
DA:5,0
DA:7,0
DA:8,0
DA:10,0
DA:11,0
DA:17,0
DA:19,0
DA:21,0
DA:22,0
DA:32,0
DA:33,0
DA:34,0
DA:44,0
DA:46,0
LF:18
LH:0
BRDA:33,0,0,0
BRDA:33,0,1,0
BRDA:33,1,0,0
BRDA:33,1,1,0
BRF:4
BRH:0
end_of_record
TN:
SF:src/config/env.ts
FN:9,(anonymous_0)
FN:9,(anonymous_1)
FNF:2
FNH:0
FNDA:0,(anonymous_0)
FNDA:0,(anonymous_1)
DA:1,0
DA:2,0
DA:4,0
DA:9,0
DA:26,0
LF:5
LH:0
BRF:0
BRH:0
end_of_record
TN:
SF:src/config/prisma.ts
FNF:0
FNH:0
DA:1,0
DA:3,0
LF:2
LH:0
BRF:0
BRH:0
end_of_record
TN:
SF:src/domain/index.ts
FNF:0
FNH:0
DA:1,0
DA:2,0
DA:3,0
DA:4,0
DA:5,0
DA:6,0
DA:7,0
DA:8,0
DA:9,0
DA:10,0
DA:11,0
DA:12,0
LF:12
LH:0
BRF:0
BRH:0
end_of_record
TN:
SF:src/domain/enums/index.ts
FN:1,(anonymous_0)
FN:8,(anonymous_1)
FN:13,(anonymous_2)
FNF:3
FNH:3
FNDA:1,(anonymous_0)
FNDA:1,(anonymous_1)
FNDA:1,(anonymous_2)
DA:1,1
DA:2,1
DA:3,1
DA:4,1
DA:5,1
DA:8,1
DA:9,1
DA:10,1
DA:13,1
DA:14,1
DA:15,1
DA:16,1
DA:17,1
DA:18,1
DA:19,1
DA:20,1
DA:21,1
LF:17
LH:17
BRDA:1,0,0,1
BRDA:1,0,1,1
BRDA:8,1,0,1
BRDA:8,1,1,1
BRDA:13,2,0,1
BRDA:13,2,1,1
BRF:6
BRH:6
end_of_record
TN:
SF:src/domain/errors/domain.error.ts
FN:2,(anonymous_0)
FN:10,(anonymous_1)
FN:16,(anonymous_2)
FN:22,(anonymous_3)
FN:28,(anonymous_4)
FN:34,(anonymous_5)
FN:40,(anonymous_6)
FN:46,(anonymous_7)
FN:52,(anonymous_8)
FNF:9
FNH:2
FNDA:2,(anonymous_0)
FNDA:0,(anonymous_1)
FNDA:0,(anonymous_2)
FNDA:0,(anonymous_3)
FNDA:0,(anonymous_4)
FNDA:2,(anonymous_5)
FNDA:0,(anonymous_6)
FNDA:0,(anonymous_7)
FNDA:0,(anonymous_8)
DA:1,1
DA:3,2
DA:4,2
DA:5,2
DA:9,1
DA:11,0
DA:15,1
DA:17,0
DA:21,1
DA:23,0
DA:27,1
DA:29,0
DA:33,1
DA:35,2
DA:39,1
DA:41,0
DA:45,1
DA:47,0
DA:51,1
DA:53,0
LF:20
LH:13
BRF:0
BRH:0
end_of_record
TN:
SF:src/domain/value-objects/email.value-object.ts
FN:10,(anonymous_0)
FN:21,(anonymous_1)
FNF:2
FNH:0
FNDA:0,(anonymous_0)
FNDA:0,(anonymous_1)
DA:1,0
DA:5,0
DA:7,0
DA:11,0
DA:12,0
DA:13,0
DA:15,0
DA:16,0
DA:18,0
DA:22,0
LF:10
LH:0
BRDA:12,0,0,0
BRDA:15,1,0,0
BRF:2
BRH:0
end_of_record
TN:
SF:src/domain/value-objects/password.value-object.ts
FN:8,(anonymous_0)
FN:15,(anonymous_1)
FNF:2
FNH:0
FNDA:0,(anonymous_0)
FNDA:0,(anonymous_1)
DA:1,0
DA:3,0
DA:5,0
DA:9,0
DA:10,0
DA:12,0
DA:16,0
LF:7
LH:0
BRDA:9,0,0,0
BRF:1
BRH:0
end_of_record
TN:
SF:src/infrastructure/services/bcrypt.service.ts
FN:6,(anonymous_9)
FN:10,(anonymous_10)
FNF:2
FNH:2
FNDA:6,(anonymous_9)
FNDA:2,(anonymous_10)
DA:1,1
DA:2,1
DA:5,1
DA:7,6
DA:11,2
LF:5
LH:5
BRF:0
BRH:0
end_of_record
TN:
SF:src/infrastructure/services/jwt.service.ts
FN:17,(anonymous_9)
FN:25,(anonymous_10)
FNF:2
FNH:2
FNDA:4,(anonymous_9)
FNDA:3,(anonymous_10)
DA:1,1
DA:2,1
DA:5,1
DA:16,1
DA:18,4
DA:26,3
DA:27,3
DA:28,1
DA:30,2
DA:34,2
DA:36,0
LF:11
LH:10
BRDA:30,0,0,2
BRDA:31,1,0,2
BRDA:31,1,1,0
BRF:3
BRH:2
end_of_record
TN:
SF:src/infrastructure/services/nodemailer-email.service.ts
FN:8,(anonymous_9)
FN:24,(anonymous_10)
FN:36,(anonymous_11)
FNF:3
FNH:3
FNDA:9,(anonymous_9)
FNDA:3,(anonymous_10)
FNDA:2,(anonymous_11)
DA:1,1
DA:2,1
DA:5,1
DA:10,9
DA:11,3
DA:13,6
DA:25,3
DA:26,1
DA:29,2
DA:37,2
DA:38,1
DA:41,1
LF:12
LH:12
BRDA:10,0,0,3
BRDA:10,0,1,6
BRDA:25,1,0,1
BRDA:37,2,0,1
BRF:4
BRH:4
end_of_record
TN:
SF:src/presentation/http/routes/health.routes.ts
FN:6,(anonymous_0)
FN:16,(anonymous_1)
FNF:2
FNH:0
FNDA:0,(anonymous_0)
FNDA:0,(anonymous_1)
DA:1,0
DA:2,0
DA:4,0
DA:6,0
DA:7,0
DA:16,0
DA:17,0
DA:18,0
DA:19,0
DA:28,0
LF:10
LH:0
BRF:0
BRH:0
end_of_record
